c:\qt\projects\vs2013\qsip\qsip\debug\vc120.pdb
c:\qt\projects\vs2013\qsip\qsip\debug\sipthread.obj
c:\qt\projects\vs2013\qsip\qsip\debug\qsip.obj
c:\qt\projects\vs2013\qsip\qsip\debug\main.obj
c:\qt\projects\vs2013\qsip\qsip\debug\moc_sipthread.obj
c:\qt\projects\vs2013\qsip\qsip\debug\moc_qsip.obj
c:\qt\projects\vs2013\qsip\qsip\debug\qrc_qsip.obj
c:\qt\projects\vs2013\qsip\qsip\generatedfiles\debug\moc_qsip.cpp
c:\qt\projects\vs2013\qsip\qsip\generatedfiles\ui_qsip.h
c:\qt\projects\vs2013\qsip\qsip\generatedfiles\debug\moc_sipthread.cpp
c:\qt\projects\vs2013\qsip\qsip\generatedfiles\qrc_qsip.cpp
c:\qt\projects\vs2013\qsip\qsip\debug\qsip.tlog\cl.command.1.tlog
c:\qt\projects\vs2013\qsip\qsip\debug\qsip.tlog\cl.read.1.tlog
c:\qt\projects\vs2013\qsip\qsip\debug\qsip.tlog\cl.write.1.tlog
c:\qt\projects\vs2013\qsip\qsip\debug\qsip.tlog\custombuild.command.1.tlog
c:\qt\projects\vs2013\qsip\qsip\debug\qsip.tlog\custombuild.read.1.tlog
c:\qt\projects\vs2013\qsip\qsip\debug\qsip.tlog\custombuild.write.1.tlog
c:\qt\projects\vs2013\qsip\qsip\debug\qsip.tlog\link.command.1.tlog
c:\qt\projects\vs2013\qsip\qsip\debug\qsip.tlog\link.read.1.tlog
c:\qt\projects\vs2013\qsip\qsip\debug\qsip.tlog\link.write.1.tlog
