c:\qt\projects\vs2013\qsip\qsip\release\qrc_qsip.obj
c:\qt\projects\vs2013\qsip\qsip\release\sipthread.obj
c:\qt\projects\vs2013\qsip\qsip\release\qsip.obj
c:\qt\projects\vs2013\qsip\qsip\release\main.obj
c:\qt\projects\vs2013\qsip\qsip\release\moc_sipthread.obj
c:\qt\projects\vs2013\qsip\qsip\release\moc_qsip.obj
c:\qt\projects\vs2013\qsip\qsip\generatedfiles\release\moc_qsip.cpp
c:\qt\projects\vs2013\qsip\qsip\generatedfiles\ui_qsip.h
c:\qt\projects\vs2013\qsip\qsip\generatedfiles\release\moc_sipthread.cpp
c:\qt\projects\vs2013\qsip\qsip\generatedfiles\qrc_qsip.cpp
c:\qt\projects\vs2013\qsip\qsip\release\qsip.tlog\cl.command.1.tlog
c:\qt\projects\vs2013\qsip\qsip\release\qsip.tlog\cl.read.1.tlog
c:\qt\projects\vs2013\qsip\qsip\release\qsip.tlog\cl.write.1.tlog
c:\qt\projects\vs2013\qsip\qsip\release\qsip.tlog\custombuild.command.1.tlog
c:\qt\projects\vs2013\qsip\qsip\release\qsip.tlog\custombuild.read.1.tlog
c:\qt\projects\vs2013\qsip\qsip\release\qsip.tlog\custombuild.write.1.tlog
c:\qt\projects\vs2013\qsip\qsip\release\qsip.tlog\link-cvtres.read.1.tlog
c:\qt\projects\vs2013\qsip\qsip\release\qsip.tlog\link-cvtres.write.1.tlog
c:\qt\projects\vs2013\qsip\qsip\release\qsip.tlog\link-rc.read.1.tlog
c:\qt\projects\vs2013\qsip\qsip\release\qsip.tlog\link-rc.write.1.tlog
c:\qt\projects\vs2013\qsip\qsip\release\qsip.tlog\link.command.1.tlog
c:\qt\projects\vs2013\qsip\qsip\release\qsip.tlog\link.read.1.tlog
c:\qt\projects\vs2013\qsip\qsip\release\qsip.tlog\link.write.1.tlog
